<?xml version="1.0" encoding="UTF-8"?>
<!-- Generated by org.testng.reporters.JUnitReportReporter -->
<testsuite hostname="BDC6-DX-6C5CNK2" name="POM.NewTest" tests="1" failures="0" timestamp="20 Nov 2019 07:00:12 GMT" time="19.791" errors="0">
  <testcase name="f" time="19.791" classname="POM.NewTest"/>
</testsuite> <!-- POM.NewTest -->
